  Compiling CUDA source file kernel.cu...
  
  C:\Users\mariana\Documents\github-mariana\parallel-computing-cuda\10062021\lab11\lab11>"C:\Program Files\NVIDIA GPU Computing Toolkit\CUDA\v11.3\bin\nvcc.exe" -gencode=arch=compute_50,code=\"sm_50,compute_50\" -gencode=arch=compute_52,code=\"sm_52,compute_52\" --use-local-env -ccbin "C:\Program Files (x86)\Microsoft Visual Studio\2019\Community\VC\Tools\MSVC\14.28.29910\bin\HostX86\x64" -x cu   -I"C:\Program Files\NVIDIA GPU Computing Toolkit\CUDA\v11.3\include" -I"C:\Program Files\NVIDIA GPU Computing Toolkit\CUDA\v11.3\include"  -G   --keep-dir x64\Debug  -maxrregcount=0  --machine 64 --compile -cudart static  -g  -DWIN32 -DWIN64 -D_DEBUG -D_CONSOLE -D_MBCS -Xcompiler "/EHsc /W3 /nologo /Od /Fdx64\Debug\vc142.pdb /FS /Zi /RTC1 /MDd " -o x64\Debug\kernel.cu.obj "C:\Users\mariana\Documents\github-mariana\parallel-computing-cuda\10062021\lab11\lab11\kernel.cu" 
C:\OpenCV-4.2.0\opencv\build\include\opencv2/stitching/detail/warpers.hpp(213): warning : overloaded virtual function "cv::detail::PlaneWarper::buildMaps" is only partially overridden in class "cv::detail::AffineWarper"
  
C:\OpenCV-4.2.0\opencv\build\include\opencv2/stitching/detail/warpers.hpp(213): warning : overloaded virtual function "cv::detail::PlaneWarper::warp" is only partially overridden in class "cv::detail::AffineWarper"
  
C:\OpenCV-4.2.0\opencv\build\include\opencv2/stitching/detail/blenders.hpp(100): warning : overloaded virtual function "cv::detail::Blender::prepare" is only partially overridden in class "cv::detail::FeatherBlender"
  
C:\OpenCV-4.2.0\opencv\build\include\opencv2/stitching/detail/blenders.hpp(127): warning : overloaded virtual function "cv::detail::Blender::prepare" is only partially overridden in class "cv::detail::MultiBandBlender"
  
C:\Users\mariana\Documents\github-mariana\parallel-computing-cuda\10062021\lab11\lab11\kernel.cu(151): warning : variable "p_img" was declared but never referenced
  
C:\OpenCV-4.2.0\opencv\build\include\opencv2/stitching/detail/warpers.hpp(213): warning : overloaded virtual function "cv::detail::PlaneWarper::buildMaps" is only partially overridden in class "cv::detail::AffineWarper"
  
C:\OpenCV-4.2.0\opencv\build\include\opencv2/stitching/detail/warpers.hpp(213): warning : overloaded virtual function "cv::detail::PlaneWarper::warp" is only partially overridden in class "cv::detail::AffineWarper"
  
C:\OpenCV-4.2.0\opencv\build\include\opencv2/stitching/detail/blenders.hpp(100): warning : overloaded virtual function "cv::detail::Blender::prepare" is only partially overridden in class "cv::detail::FeatherBlender"
  
C:\OpenCV-4.2.0\opencv\build\include\opencv2/stitching/detail/blenders.hpp(127): warning : overloaded virtual function "cv::detail::Blender::prepare" is only partially overridden in class "cv::detail::MultiBandBlender"
  
C:\Users\mariana\Documents\github-mariana\parallel-computing-cuda\10062021\lab11\lab11\kernel.cu(151): warning : variable "p_img" was declared but never referenced
  
C:\OpenCV-4.2.0\opencv\build\include\opencv2/stitching/detail/warpers.hpp(213): warning : overloaded virtual function "cv::detail::PlaneWarper::buildMaps" is only partially overridden in class "cv::detail::AffineWarper"
  
C:\OpenCV-4.2.0\opencv\build\include\opencv2/stitching/detail/warpers.hpp(213): warning : overloaded virtual function "cv::detail::PlaneWarper::warp" is only partially overridden in class "cv::detail::AffineWarper"
  
C:\OpenCV-4.2.0\opencv\build\include\opencv2/stitching/detail/blenders.hpp(100): warning : overloaded virtual function "cv::detail::Blender::prepare" is only partially overridden in class "cv::detail::FeatherBlender"
  
C:\OpenCV-4.2.0\opencv\build\include\opencv2/stitching/detail/blenders.hpp(127): warning : overloaded virtual function "cv::detail::Blender::prepare" is only partially overridden in class "cv::detail::MultiBandBlender"
  
CUDACOMPILE : nvcc warning : The 'compute_35', 'compute_37', 'compute_50', 'sm_35', 'sm_37' and 'sm_50' architectures are deprecated, and may be removed in a future release (Use -Wno-deprecated-gpu-targets to suppress warning).
  kernel.cu
C:\Users\mariana\Documents\github-mariana\parallel-computing-cuda\10062021\lab11\lab11\kernel.cu(151): warning C4101: 'p_img': unreferenced local variable
  lab11.vcxproj -> C:\Users\mariana\Documents\github-mariana\parallel-computing-cuda\10062021\lab11\x64\Debug\lab11.exe
